<?xml version="1.0" encoding="UTF-8"?>
<Site BuildName="Win32-MSBuild"
	BuildStamp="20190813-1018-Continuous"
	Name="DESKTOP-M7RNUEI"
	Generator="ctest-3.15.2"
	CompilerName="C:/Program Files (x86)/Microsoft Visual Studio/2019/Community/VC/Tools/MSVC/14.22.27905/bin/Hostx64/x64/cl.exe"
	CompilerVersion="19.22.27905.0"
	OSName="Windows"
	Hostname="DESKTOP-M7RNUEI"
	OSRelease=" Professional"
	OSVersion=" (Build 18362)"
	OSPlatform="AMD64"
	Is64Bits="1"
	VendorString="GenuineIntel"
	VendorID="Intel Corporation"
	FamilyID="6"
	ModelID="14"
	ProcessorCacheSize="-1"
	NumberOfLogicalCPU="8"
	NumberOfPhysicalCPU="4"
	TotalVirtualMemory="17235"
	TotalPhysicalMemory="16211"
	LogicalProcessorsPerPhysical="2"
	ProcessorClockFrequency="2592"
	>
	<Configure>
		<StartDateTime>Aug 13 12:18 Central European Daylight Time</StartDateTime>
		<StartConfigureTime>1565691527</StartConfigureTime>
		<ConfigureCommand>"C:/Program Files/CMake/bin/cmake.exe" "E:/!!Projects VS/!!C++&amp;JAVA/!MY_PROJECTS/!C++/Just_C++_Projects/CMake/CMake_Second"</ConfigureCommand>
		<Log>-- Configuring done
-- Generating done
-- Build files have been written to: E:/!!Projects VS/!!C++&amp;JAVA/!MY_PROJECTS/!C++/Just_C++_Projects/CMake/CMake_Second
</Log>
		<ConfigureStatus>0</ConfigureStatus>
		<EndDateTime>Aug 13 12:18 Central European Daylight Time</EndDateTime>
		<EndConfigureTime>1565691528</EndConfigureTime>
		<ElapsedMinutes>0</ElapsedMinutes>
	</Configure>
</Site>
